{"numFailedTestSuites":0,"numFailedTests":0,"numPassedTestSuites":23,"numPassedTests":139,"numPendingTestSuites":0,"numPendingTests":0,"numRuntimeErrorTestSuites":0,"numTotalTestSuites":23,"numTotalTests":139,"snapshot":{"added":0,"didUpdate":false,"failure":false,"filesAdded":0,"filesRemoved":0,"filesUnmatched":0,"filesUpdated":0,"matched":47,"total":47,"unchecked":0,"unmatched":0,"updated":0},"startTime":1548201857195,"success":true,"testResults":[{"assertionResults":[{"failureMessages":[],"status":"passed","title":"works"},{"failureMessages":[],"status":"passed","title":"no filtering = no change"},{"failureMessages":[],"status":"passed","title":"works"},{"failureMessages":[],"status":"passed","title":"no filtering = no change"},{"failureMessages":[],"status":"passed","title":"keep"},{"failureMessages":[],"status":"passed","title":"remove"},{"failureMessages":[],"status":"passed","title":"keep"},{"failureMessages":[],"status":"passed","title":"remove (wrong block)"},{"failureMessages":[],"status":"passed","title":"not an image - no opinion"},{"failureMessages":[],"status":"passed","title":"valid"},{"failureMessages":[],"status":"passed","title":"invalid"},{"failureMessages":[],"status":"passed","title":"attribute not defined on entities matches undefined"},{"failureMessages":[],"status":"passed","title":"valid"},{"failureMessages":[],"status":"passed","title":"invalid"},{"failureMessages":[],"status":"passed","title":"requested, absent"},{"failureMessages":[],"status":"passed","title":"requested, present"},{"failureMessages":[],"status":"passed","title":"requested out, absent"},{"failureMessages":[],"status":"passed","title":"requested out, present"},{"failureMessages":[],"status":"passed","title":"missing config"},{"failureMessages":[],"status":"passed","title":"no whitelist"},{"failureMessages":[],"status":"passed","title":"works"},{"failureMessages":[],"status":"passed","title":"no filtering = no change"},{"failureMessages":[],"status":"passed","title":"missing config"},{"failureMessages":[],"status":"passed","title":"no whitelist"}],"endTime":1548201859077,"message":"","name":"/home/travis/build/thibaudcolas/draftjs-filters/src/lib/filters/entities.test.js","startTime":1548201857603,"status":"passed","summary":""},{"assertionResults":[{"failureMessages":[],"status":"passed","title":"does not alter editorState if content is the same before / after filters"},{"failureMessages":[],"status":"passed","title":"inserts a block if there is none left, with selection on it"},{"failureMessages":[],"status":"passed","title":"does not change selection if valid"},{"failureMessages":[],"status":"passed","title":"does not change selection if not collapsed"},{"failureMessages":[],"status":"passed","title":"works for the last block"},{"failureMessages":[],"status":"passed","title":"works on a random block"},{"failureMessages":[],"status":"passed","title":"works with multiple blocks removed"},{"failureMessages":[],"status":"passed","title":"works with consecutive blocks removed"},{"failureMessages":[],"status":"passed","title":"fail-safe if new selection location cannot be determined"}],"endTime":1548201859721,"message":"","name":"/home/travis/build/thibaudcolas/draftjs-filters/src/lib/filters/selection.test.js","startTime":1548201859092,"status":"passed","summary":""},{"assertionResults":[{"failureMessages":[],"status":"passed","title":"works"},{"failureMessages":[],"status":"passed","title":"no normalisation = no change"},{"failureMessages":[],"status":"passed","title":"works"},{"failureMessages":[],"status":"passed","title":"in particular with list items"}],"endTime":1548201859969,"message":"","name":"/home/travis/build/thibaudcolas/draftjs-filters/src/lib/filters/editor.test.js","startTime":1548201859728,"status":"passed","summary":""},{"assertionResults":[{"failureMessages":[],"status":"passed","title":"normalises depth to a given number"},{"failureMessages":[],"status":"passed","title":"no normalisation = no change"},{"failureMessages":[],"status":"passed","title":"normalises depth to a given number"},{"failureMessages":[],"status":"passed","title":"no normalisation = no change"},{"failureMessages":[],"status":"passed","title":"works"},{"failureMessages":[],"status":"passed","title":"no normalisation = no change"},{"failureMessages":[],"status":"passed","title":"works"},{"failureMessages":[],"status":"passed","title":"no normalisation = no change"}],"endTime":1548201860186,"message":"","name":"/home/travis/build/thibaudcolas/draftjs-filters/src/lib/filters/blocks.test.js","startTime":1548201859974,"status":"passed","summary":""},{"assertionResults":[{"failureMessages":[],"status":"passed","title":"does not alter content entered manually"}],"endTime":1548201860656,"message":"","name":"/home/travis/build/thibaudcolas/draftjs-filters/src/tests/no-paste.test.js","startTime":1548201860190,"status":"passed","summary":""},{"assertionResults":[{"failureMessages":[],"status":"passed","title":"renders"},{"failureMessages":[],"status":"passed","title":"works"},{"failureMessages":[],"status":"passed","title":"save feature"},{"failureMessages":[],"status":"passed","title":"works"},{"failureMessages":[],"status":"passed","title":"#filtered"},{"failureMessages":[],"status":"passed","title":"#filtered shouldFilterPaste"},{"failureMessages":[],"status":"passed","title":"#filtered shouldFilterPaste #extended"},{"failureMessages":[],"status":"passed","title":"toggleStyle"},{"failureMessages":[],"status":"passed","title":"toggleBlock"},{"failureMessages":[],"status":"passed","title":"toggleEntity - LINK"},{"failureMessages":[],"status":"passed","title":"toggleEntity - IMAGE"},{"failureMessages":[],"status":"passed","title":"blockRenderer"},{"failureMessages":[],"status":"passed","title":"works"},{"failureMessages":[],"status":"passed","title":"#extended"},{"failureMessages":[],"status":"passed","title":"draftjs internal, handled"},{"failureMessages":[],"status":"passed","title":"draftjs internal, not handled"}],"endTime":1548201861252,"message":"","name":"/home/travis/build/thibaudcolas/draftjs-filters/src/demo/components/FilterableEditor.test.js","startTime":1548201860665,"status":"passed","summary":""},{"assertionResults":[{"failureMessages":[],"status":"passed","title":"works"},{"failureMessages":[],"status":"passed","title":"no normalisation = no change"},{"failureMessages":[],"status":"passed","title":"works"},{"failureMessages":[],"status":"passed","title":"no filtering = no change"},{"failureMessages":[],"status":"passed","title":"works"},{"failureMessages":[],"status":"passed","title":"no filtering = no change"}],"endTime":1548201861386,"message":"","name":"/home/travis/build/thibaudcolas/draftjs-filters/src/lib/filters/atomic.test.js","startTime":1548201861258,"status":"passed","summary":""},{"assertionResults":[{"failureMessages":[],"status":"passed","title":"renders"},{"failureMessages":[],"status":"passed","title":"componentDidCatch"},{"failureMessages":[],"status":"passed","title":"componentDidCatch Raven"},{"failureMessages":[],"status":"passed","title":"#error"},{"failureMessages":[],"status":"passed","title":"#error reload"},{"failureMessages":[],"status":"passed","title":"#error Raven"},{"failureMessages":[],"status":"passed","title":"#error Raven report"}],"endTime":1548201861488,"message":"","name":"/home/travis/build/thibaudcolas/draftjs-filters/src/demo/components/SentryBoundary.test.js","startTime":1548201861390,"status":"passed","summary":""},{"assertionResults":[{"failureMessages":[],"status":"passed","title":"preserveAtomicBlocks"},{"failureMessages":[],"status":"passed","title":"resetAtomicBlocks"},{"failureMessages":[],"status":"passed","title":"removeInvalidAtomicBlocks"},{"failureMessages":[],"status":"passed","title":"removeInvalidDepthBlocks"},{"failureMessages":[],"status":"passed","title":"limitBlockDepth"},{"failureMessages":[],"status":"passed","title":"preserveBlockByText"},{"failureMessages":[],"status":"passed","title":"filterBlockTypes"},{"failureMessages":[],"status":"passed","title":"filterInlineStyles"},{"failureMessages":[],"status":"passed","title":"cloneEntities"},{"failureMessages":[],"status":"passed","title":"filterEntityRanges"},{"failureMessages":[],"status":"passed","title":"shouldKeepEntityType"},{"failureMessages":[],"status":"passed","title":"shouldRemoveImageEntity"},{"failureMessages":[],"status":"passed","title":"filterEntityData"},{"failureMessages":[],"status":"passed","title":"replaceTextBySpaces"},{"failureMessages":[],"status":"passed","title":"applyContentWithSelection"},{"failureMessages":[],"status":"passed","title":"filterEditorState"}],"endTime":1548201861592,"message":"","name":"/home/travis/build/thibaudcolas/draftjs-filters/src/lib/index.test.js","startTime":1548201861493,"status":"passed","summary":""},{"assertionResults":[{"failureMessages":[],"status":"passed","title":"renders"},{"failureMessages":[],"status":"passed","title":"works"}],"endTime":1548201861709,"message":"","name":"/home/travis/build/thibaudcolas/draftjs-filters/src/demo/components/Link.test.js","startTime":1548201861596,"status":"passed","summary":""},{"assertionResults":[{"failureMessages":[],"status":"passed","title":"works"},{"failureMessages":[],"status":"passed","title":"no filtering = no change"}],"endTime":1548201861816,"message":"","name":"/home/travis/build/thibaudcolas/draftjs-filters/src/lib/filters/text.test.js","startTime":1548201861713,"status":"passed","summary":""},{"assertionResults":[{"failureMessages":[],"status":"passed","title":"works"},{"failureMessages":[],"status":"passed","title":"no filtering = no change"}],"endTime":1548201861916,"message":"","name":"/home/travis/build/thibaudcolas/draftjs-filters/src/lib/filters/styles.test.js","startTime":1548201861820,"status":"passed","summary":""},{"assertionResults":[{"failureMessages":[],"status":"passed","title":"renders"},{"failureMessages":[],"status":"passed","title":"no entity"}],"endTime":1548201862017,"message":"","name":"/home/travis/build/thibaudcolas/draftjs-filters/src/demo/components/Image.test.js","startTime":1548201861920,"status":"passed","summary":""},{"assertionResults":[{"failureMessages":[],"status":"passed","title":"renders"},{"failureMessages":[],"status":"passed","title":"onCopy"}],"endTime":1548201862107,"message":"","name":"/home/travis/build/thibaudcolas/draftjs-filters/src/demo/components/Highlight.test.js","startTime":1548201862021,"status":"passed","summary":""},{"assertionResults":[{"failureMessages":[],"status":"passed","title":"mount"},{"failureMessages":[],"status":"passed","title":"no mount"}],"endTime":1548201862477,"message":"","name":"/home/travis/build/thibaudcolas/draftjs-filters/src/demo/index.test.js","startTime":1548201862113,"status":"passed","summary":""},{"assertionResults":[{"failureMessages":[],"status":"passed","title":"word2010-chrome62-win81"},{"failureMessages":[],"status":"passed","title":"word2010-firefox57-win81"},{"failureMessages":[],"status":"passed","title":"word2010-ie11-noequation-strippastedstyles-win81"},{"failureMessages":[],"status":"passed","title":"word2010-ie11-noequation-win81"},{"failureMessages":[],"status":"passed","title":"word-safari-ios11"}],"endTime":1548201863642,"message":"","name":"/home/travis/build/thibaudcolas/draftjs-filters/src/tests/word.test.js","startTime":1548201862482,"status":"passed","summary":""},{"assertionResults":[{"failureMessages":[],"status":"passed","title":"dropboxpaper-chrome62-macos1013"},{"failureMessages":[],"status":"passed","title":"dropboxpaper-chrome62-win81"},{"failureMessages":[],"status":"passed","title":"dropboxpaper-edge16-win10"},{"failureMessages":[],"status":"passed","title":"dropboxpaper-firefox57-macos1013"},{"failureMessages":[],"status":"passed","title":"dropboxpaper-firefox57-win81"},{"failureMessages":[],"status":"passed","title":"dropboxpaper-ie11-unsupported-strippastedstyles-win81"},{"failureMessages":[],"status":"passed","title":"dropboxpaper-ie11-unsupported-win81"},{"failureMessages":[],"status":"passed","title":"dropboxpaper-safari-ios11"},{"failureMessages":[],"status":"passed","title":"dropboxpaper-safari11-macos1013"}],"endTime":1548201865087,"message":"","name":"/home/travis/build/thibaudcolas/draftjs-filters/src/tests/paper.test.js","startTime":1548201863646,"status":"passed","summary":""},{"assertionResults":[{"failureMessages":[],"status":"passed","title":"applepages-chrome62-macos1013"},{"failureMessages":[],"status":"passed","title":"applepages-firefox57-macos1013"},{"failureMessages":[],"status":"passed","title":"applepages-safari-ios11"},{"failureMessages":[],"status":"passed","title":"applepages-safari11-macos1013"}],"endTime":1548201866144,"message":"","name":"/home/travis/build/thibaudcolas/draftjs-filters/src/tests/pages.test.js","startTime":1548201865094,"status":"passed","summary":""},{"assertionResults":[{"failureMessages":[],"status":"passed","title":"wordonline-chrome62-macos1013"},{"failureMessages":[],"status":"passed","title":"wordonline-chrome62-win81"},{"failureMessages":[],"status":"passed","title":"wordonline-edge16-win10"},{"failureMessages":[],"status":"passed","title":"wordonline-firefox57-macos1013"},{"failureMessages":[],"status":"passed","title":"wordonline-firefox57-win81"},{"failureMessages":[],"status":"passed","title":"wordonline-safari11-macos1013"}],"endTime":1548201867378,"message":"","name":"/home/travis/build/thibaudcolas/draftjs-filters/src/tests/wordonline.test.js","startTime":1548201866148,"status":"passed","summary":""},{"assertionResults":[{"failureMessages":[],"status":"passed","title":"googledocs-chrome62-macos1013"},{"failureMessages":[],"status":"passed","title":"googledocs-chrome62-win81"},{"failureMessages":[],"status":"passed","title":"googledocs-edge16-win10"},{"failureMessages":[],"status":"passed","title":"googledocs-firefox57-macos1013"},{"failureMessages":[],"status":"passed","title":"googledocs-firefox57-win81"},{"failureMessages":[],"status":"passed","title":"googledocs-ie11-strippastedstyles-win81"},{"failureMessages":[],"status":"passed","title":"googledocs-ie11-win81"},{"failureMessages":[],"status":"passed","title":"googledocs-safari-ios11"},{"failureMessages":[],"status":"passed","title":"googledocs-safari11-macos1013"}],"endTime":1548201868798,"message":"","name":"/home/travis/build/thibaudcolas/draftjs-filters/src/tests/docs.test.js","startTime":1548201867383,"status":"passed","summary":""},{"assertionResults":[{"failureMessages":[],"status":"passed","title":"draftjs-chrome64-macos1013"}],"endTime":1548201869037,"message":"","name":"/home/travis/build/thibaudcolas/draftjs-filters/src/tests/draftjs.test.js","startTime":1548201868802,"status":"passed","summary":""},{"assertionResults":[{"failureMessages":[],"status":"passed","title":"renders"}],"endTime":1548201869153,"message":"","name":"/home/travis/build/thibaudcolas/draftjs-filters/src/demo/components/App.test.js","startTime":1548201869062,"status":"passed","summary":""},{"assertionResults":[{"failureMessages":[],"status":"passed","title":"no errors"}],"endTime":1548201869422,"message":"","name":"/home/travis/build/thibaudcolas/draftjs-filters/src/index.test.js","startTime":1548201869157,"status":"passed","summary":""}],"wasInterrupted":false,"coverageMap":{"/home/travis/build/thibaudcolas/draftjs-filters/src/setupTests.js":{"path":"/home/travis/build/thibaudcolas/draftjs-filters/src/setupTests.js","statementMap":{"0":{"start":{"line":5,"column":0},"end":{"line":5,"column":37}},"1":{"start":{"line":7,"column":0},"end":{"line":7,"column":64}}},"fnMap":{},"branchMap":{},"s":{"0":23,"1":23},"f":{},"b":{},"_coverageSchema":"332fd63041d2c1bcb487cc26dd0d5f7d97098a6c","hash":"4f5c987720fff97a82c2e506d74151f44585f537"},"/home/travis/build/thibaudcolas/draftjs-filters/src/lib/filters/entities.js":{"path":"/home/travis/build/thibaudcolas/draftjs-filters/src/lib/filters/entities.js","statementMap":{"0":{"start":{"line":10,"column":29},"end":{"line":68,"column":1}},"1":{"start":{"line":11,"column":19},"end":{"line":11,"column":26}},"2":{"start":{"line":12,"column":19},"end":{"line":12,"column":43}},"3":{"start":{"line":14,"column":30},"end":{"line":14,"column":32}},"4":{"start":{"line":17,"column":28},"end":{"line":29,"column":3}},"5":{"start":{"line":18,"column":16},"end":{"line":18,"column":37}},"6":{"start":{"line":20,"column":4},"end":{"line":26,"column":5}},"7":{"start":{"line":21,"column":6},"end":{"line":23,"column":7}},"8":{"start":{"line":22,"column":8},"end":{"line":22,"column":19}},"9":{"start":{"line":25,"column":6},"end":{"line":25,"column":35}},"10":{"start":{"line":28,"column":4},"end":{"line":28,"column":16}},"11":{"start":{"line":32,"column":17},"end":{"line":63,"column":4}},"12":{"start":{"line":33,"column":19},"end":{"line":33,"column":43}},"13":{"start":{"line":34,"column":18},"end":{"line":34,"column":23}},"14":{"start":{"line":37,"column":33},"end":{"line":58,"column":5}},"15":{"start":{"line":38,"column":18},"end":{"line":38,"column":49}},"16":{"start":{"line":39,"column":21},"end":{"line":39,"column":46}},"17":{"start":{"line":41,"column":6},"end":{"line":45,"column":7}},"18":{"start":{"line":46,"column":21},"end":{"line":46,"column":57}},"19":{"start":{"line":49,"column":6},"end":{"line":55,"column":8}},"20":{"start":{"line":50,"column":8},"end":{"line":52,"column":9}},"21":{"start":{"line":51,"column":10},"end":{"line":51,"column":60}},"22":{"start":{"line":54,"column":8},"end":{"line":54,"column":19}},"23":{"start":{"line":57,"column":6},"end":{"line":57,"column":20}},"24":{"start":{"line":60,"column":4},"end":{"line":60,"column":67}},"25":{"start":{"line":62,"column":4},"end":{"line":62,"column":65}},"26":{"start":{"line":65,"column":2},"end":{"line":67,"column":4}},"27":{"start":{"line":77,"column":34},"end":{"line":119,"column":1}},"28":{"start":{"line":85,"column":19},"end":{"line":85,"column":40}},"29":{"start":{"line":95,"column":17},"end":{"line":114,"column":4}},"30":{"start":{"line":96,"column":18},"end":{"line":96,"column":23}},"31":{"start":{"line":98,"column":18},"end":{"line":111,"column":6}},"32":{"start":{"line":99,"column":24},"end":{"line":99,"column":40}},"33":{"start":{"line":101,"column":6},"end":{"line":108,"column":7}},"34":{"start":{"line":102,"column":29},"end":{"line":102,"column":65}},"35":{"start":{"line":104,"column":8},"end":{"line":107,"column":9}},"36":{"start":{"line":105,"column":10},"end":{"line":105,"column":24}},"37":{"start":{"line":106,"column":10},"end":{"line":106,"column":58}},"38":{"start":{"line":110,"column":6},"end":{"line":110,"column":17}},"39":{"start":{"line":113,"column":4},"end":{"line":113,"column":62}},"40":{"start":{"line":116,"column":2},"end":{"line":118,"column":4}},"41":{"start":{"line":124,"column":36},"end":{"line":129,"column":1}},"42":{"start":{"line":128,"column":2},"end":{"line":128,"column":47}},"43":{"start":{"line":128,"column":31},"end":{"line":128,"column":46}},"44":{"start":{"line":135,"column":39},"end":{"line":140,"column":1}},"45":{"start":{"line":139,"column":2},"end":{"line":139,"column":53}},"46":{"start":{"line":145,"column":43},"end":{"line":167,"column":1}},"47":{"start":{"line":150,"column":17},"end":{"line":150,"column":63}},"48":{"start":{"line":150,"column":41},"end":{"line":150,"column":62}},"49":{"start":{"line":152,"column":20},"end":{"line":152,"column":70}},"50":{"start":{"line":154,"column":18},"end":{"line":164,"column":4}},"51":{"start":{"line":155,"column":18},"end":{"line":155,"column":33}},"52":{"start":{"line":157,"column":4},"end":{"line":161,"column":5}},"53":{"start":{"line":158,"column":22},"end":{"line":158,"column":47}},"54":{"start":{"line":160,"column":6},"end":{"line":160,"column":39}},"55":{"start":{"line":163,"column":4},"end":{"line":163,"column":45}},"56":{"start":{"line":166,"column":2},"end":{"line":166,"column":16}},"57":{"start":{"line":174,"column":32},"end":{"line":215,"column":1}},"58":{"start":{"line":178,"column":19},"end":{"line":178,"column":26}},"59":{"start":{"line":179,"column":19},"end":{"line":179,"column":21}},"60":{"start":{"line":181,"column":2},"end":{"line":189,"column":4}},"61":{"start":{"line":182,"column":4},"end":{"line":188,"column":6}},"62":{"start":{"line":183,"column":24},"end":{"line":183,"column":40}},"63":{"start":{"line":184,"column":6},"end":{"line":187,"column":7}},"64":{"start":{"line":185,"column":23},"end":{"line":185,"column":54}},"65":{"start":{"line":186,"column":8},"end":{"line":186,"column":36}},"66":{"start":{"line":191,"column":2},"end":{"line":212,"column":4}},"67":{"start":{"line":192,"column":19},"end":{"line":192,"column":32}},"68":{"start":{"line":193,"column":17},"end":{"line":193,"column":33}},"69":{"start":{"line":194,"column":19},"end":{"line":194,"column":71}},"70":{"start":{"line":194,"column":43},"end":{"line":194,"column":70}},"71":{"start":{"line":195,"column":22},"end":{"line":195,"column":55}},"72":{"start":{"line":198,"column":4},"end":{"line":200,"column":5}},"73":{"start":{"line":199,"column":6},"end":{"line":199,"column":17}},"74":{"start":{"line":202,"column":20},"end":{"line":209,"column":10}},"75":{"start":{"line":204,"column":6},"end":{"line":206,"column":7}},"76":{"start":{"line":205,"column":8},"end":{"line":205,"column":32}},"77":{"start":{"line":208,"column":6},"end":{"line":208,"column":18}},"78":{"start":{"line":211,"column":4},"end":{"line":211,"column":59}},"79":{"start":{"line":214,"column":2},"end":{"line":214,"column":19}}},"fnMap":{"0":{"name":"(anonymous_0)","decl":{"start":{"line":10,"column":29},"end":{"line":10,"column":30}},"loc":{"start":{"line":10,"column":56},"end":{"line":68,"column":1}},"line":10},"1":{"name":"(anonymous_1)","decl":{"start":{"line":17,"column":28},"end":{"line":17,"column":29}},"loc":{"start":{"line":17,"column":43},"end":{"line":29,"column":3}},"line":17},"2":{"name":"(anonymous_2)","decl":{"start":{"line":32,"column":30},"end":{"line":32,"column":31}},"loc":{"start":{"line":32,"column":41},"end":{"line":63,"column":3}},"line":32},"3":{"name":"(anonymous_3)","decl":{"start":{"line":37,"column":33},"end":{"line":37,"column":34}},"loc":{"start":{"line":37,"column":49},"end":{"line":58,"column":5}},"line":37},"4":{"name":"(anonymous_4)","decl":{"start":{"line":49,"column":30},"end":{"line":49,"column":31}},"loc":{"start":{"line":49,"column":43},"end":{"line":55,"column":7}},"line":49},"5":{"name":"(anonymous_5)","decl":{"start":{"line":77,"column":34},"end":{"line":77,"column":35}},"loc":{"start":{"line":84,"column":5},"end":{"line":119,"column":1}},"line":84},"6":{"name":"(anonymous_6)","decl":{"start":{"line":95,"column":30},"end":{"line":95,"column":31}},"loc":{"start":{"line":95,"column":41},"end":{"line":114,"column":3}},"line":95},"7":{"name":"(anonymous_7)","decl":{"start":{"line":98,"column":47},"end":{"line":98,"column":48}},"loc":{"start":{"line":98,"column":57},"end":{"line":111,"column":5}},"line":98},"8":{"name":"(anonymous_8)","decl":{"start":{"line":124,"column":36},"end":{"line":124,"column":37}},"loc":{"start":{"line":127,"column":5},"end":{"line":129,"column":1}},"line":127},"9":{"name":"(anonymous_9)","decl":{"start":{"line":128,"column":24},"end":{"line":128,"column":25}},"loc":{"start":{"line":128,"column":31},"end":{"line":128,"column":46}},"line":128},"10":{"name":"(anonymous_10)","decl":{"start":{"line":135,"column":39},"end":{"line":135,"column":40}},"loc":{"start":{"line":138,"column":5},"end":{"line":140,"column":1}},"line":138},"11":{"name":"(anonymous_11)","decl":{"start":{"line":145,"column":43},"end":{"line":145,"column":44}},"loc":{"start":{"line":149,"column":5},"end":{"line":167,"column":1}},"line":149},"12":{"name":"(anonymous_12)","decl":{"start":{"line":150,"column":34},"end":{"line":150,"column":35}},"loc":{"start":{"line":150,"column":41},"end":{"line":150,"column":62}},"line":150},"13":{"name":"(anonymous_13)","decl":{"start":{"line":154,"column":47},"end":{"line":154,"column":48}},"loc":{"start":{"line":154,"column":57},"end":{"line":164,"column":3}},"line":154},"14":{"name":"(anonymous_14)","decl":{"start":{"line":174,"column":32},"end":{"line":174,"column":33}},"loc":{"start":{"line":177,"column":5},"end":{"line":215,"column":1}},"line":177},"15":{"name":"(anonymous_15)","decl":{"start":{"line":181,"column":35},"end":{"line":181,"column":36}},"loc":{"start":{"line":181,"column":46},"end":{"line":189,"column":3}},"line":181},"16":{"name":"(anonymous_16)","decl":{"start":{"line":182,"column":27},"end":{"line":182,"column":28}},"loc":{"start":{"line":182,"column":37},"end":{"line":188,"column":5}},"line":182},"17":{"name":"(anonymous_17)","decl":{"start":{"line":191,"column":32},"end":{"line":191,"column":33}},"loc":{"start":{"line":191,"column":41},"end":{"line":212,"column":3}},"line":191},"18":{"name":"(anonymous_18)","decl":{"start":{"line":194,"column":36},"end":{"line":194,"column":37}},"loc":{"start":{"line":194,"column":43},"end":{"line":194,"column":70}},"line":194},"19":{"name":"(anonymous_19)","decl":{"start":{"line":202,"column":37},"end":{"line":202,"column":38}},"loc":{"start":{"line":202,"column":54},"end":{"line":209,"column":5}},"line":202}},"branchMap":{"0":{"loc":{"start":{"line":20,"column":4},"end":{"line":26,"column":5}},"type":"if","locations":[{"start":{"line":20,"column":4},"end":{"line":26,"column":5}},{"start":{"line":20,"column":4},"end":{"line":26,"column":5}}],"line":20},"1":{"loc":{"start":{"line":21,"column":6},"end":{"line":23,"column":7}},"type":"if","locations":[{"start":{"line":21,"column":6},"end":{"line":23,"column":7}},{"start":{"line":21,"column":6},"end":{"line":23,"column":7}}],"line":21},"2":{"loc":{"start":{"line":50,"column":8},"end":{"line":52,"column":9}},"type":"if","locations":[{"start":{"line":50,"column":8},"end":{"line":52,"column":9}},{"start":{"line":50,"column":8},"end":{"line":52,"column":9}}],"line":50},"3":{"loc":{"start":{"line":50,"column":12},"end":{"line":50,"column":34}},"type":"binary-expr","locations":[{"start":{"line":50,"column":12},"end":{"line":50,"column":22}},{"start":{"line":50,"column":26},"end":{"line":50,"column":34}}],"line":50},"4":{"loc":{"start":{"line":62,"column":11},"end":{"line":62,"column":65}},"type":"cond-expr","locations":[{"start":{"line":62,"column":21},"end":{"line":62,"column":57}},{"start":{"line":62,"column":60},"end":{"line":62,"column":65}}],"line":62},"5":{"loc":{"start":{"line":101,"column":6},"end":{"line":108,"column":7}},"type":"if","locations":[{"start":{"line":101,"column":6},"end":{"line":108,"column":7}},{"start":{"line":101,"column":6},"end":{"line":108,"column":7}}],"line":101},"6":{"loc":{"start":{"line":104,"column":8},"end":{"line":107,"column":9}},"type":"if","locations":[{"start":{"line":104,"column":8},"end":{"line":107,"column":9}},{"start":{"line":104,"column":8},"end":{"line":107,"column":9}}],"line":104},"7":{"loc":{"start":{"line":113,"column":11},"end":{"line":113,"column":62}},"type":"cond-expr","locations":[{"start":{"line":113,"column":21},"end":{"line":113,"column":54}},{"start":{"line":113,"column":57},"end":{"line":113,"column":62}}],"line":113},"8":{"loc":{"start":{"line":139,"column":9},"end":{"line":139,"column":53}},"type":"binary-expr","locations":[{"start":{"line":139,"column":9},"end":{"line":139,"column":29}},{"start":{"line":139,"column":33},"end":{"line":139,"column":53}}],"line":139},"9":{"loc":{"start":{"line":152,"column":20},"end":{"line":152,"column":70}},"type":"cond-expr","locations":[{"start":{"line":152,"column":49},"end":{"line":152,"column":65}},{"start":{"line":152,"column":68},"end":{"line":152,"column":70}}],"line":152},"10":{"loc":{"start":{"line":152,"column":20},"end":{"line":152,"column":46}},"type":"binary-expr","locations":[{"start":{"line":152,"column":20},"end":{"line":152,"column":26}},{"start":{"line":152,"column":30},"end":{"line":152,"column":46}}],"line":152},"11":{"loc":{"start":{"line":157,"column":4},"end":{"line":161,"column":5}},"type":"if","locations":[{"start":{"line":157,"column":4},"end":{"line":161,"column":5}},{"start":{"line":157,"column":4},"end":{"line":161,"column":5}}],"line":157},"12":{"loc":{"start":{"line":160,"column":13},"end":{"line":160,"column":39}},"type":"cond-expr","locations":[{"start":{"line":160,"column":21},"end":{"line":160,"column":28}},{"start":{"line":160,"column":31},"end":{"line":160,"column":39}}],"line":160},"13":{"loc":{"start":{"line":184,"column":6},"end":{"line":187,"column":7}},"type":"if","locations":[{"start":{"line":184,"column":6},"end":{"line":187,"column":7}},{"start":{"line":184,"column":6},"end":{"line":187,"column":7}}],"line":184},"14":{"loc":{"start":{"line":195,"column":22},"end":{"line":195,"column":55}},"type":"cond-expr","locations":[{"start":{"line":195,"column":31},"end":{"line":195,"column":48}},{"start":{"line":195,"column":51},"end":{"line":195,"column":55}}],"line":195},"15":{"loc":{"start":{"line":198,"column":4},"end":{"line":200,"column":5}},"type":"if","locations":[{"start":{"line":198,"column":4},"end":{"line":200,"column":5}},{"start":{"line":198,"column":4},"end":{"line":200,"column":5}}],"line":198},"16":{"loc":{"start":{"line":204,"column":6},"end":{"line":206,"column":7}},"type":"if","locations":[{"start":{"line":204,"column":6},"end":{"line":206,"column":7}},{"start":{"line":204,"column":6},"end":{"line":206,"column":7}}],"line":204}},"s":{"0":15,"1":77,"2":77,"3":77,"4":77,"5":4727,"6":4727,"7":278,"8":11,"9":267,"10":4716,"11":77,"12":5127,"13":5127,"14":5127,"15":11,"16":11,"17":11,"18":11,"19":11,"20":43,"21":24,"22":19,"23":11,"24":5127,"25":5127,"26":77,"27":15,"28":85,"29":85,"30":5175,"31":5175,"32":99286,"33":99286,"34":6064,"35":6064,"36":231,"37":231,"38":99055,"39":5175,"40":85,"41":15,"42":6053,"43":6247,"44":15,"45":5907,"46":15,"47":6054,"48":6239,"49":6054,"50":6054,"51":6011,"52":6011,"53":4,"54":4,"55":6007,"56":6054,"57":15,"58":79,"59":79,"60":79,"61":5128,"62":4726,"63":4726,"64":278,"65":278,"66":79,"67":270,"68":270,"69":270,"70":322,"71":270,"72":270,"73":2,"74":268,"75":269,"76":264,"77":269,"78":268,"79":79},"f":{"0":77,"1":4727,"2":5127,"3":11,"4":43,"5":85,"6":5175,"7":99286,"8":6053,"9":6247,"10":5907,"11":6054,"12":6239,"13":6011,"14":79,"15":5128,"16":4726,"17":270,"18":322,"19":269},"b":{"0":[278,4449],"1":[11,267],"2":[24,19],"3":[43,28],"4":[10,5117],"5":[6064,93222],"6":[231,5833],"7":[69,5106],"8":[5907,133],"9":[6052,2],"10":[6054,6053],"11":[4,6007],"12":[2,2],"13":[278,4448],"14":[269,1],"15":[2,268],"16":[264,5]},"_coverageSchema":"332fd63041d2c1bcb487cc26dd0d5f7d97098a6c","hash":"4a99811e48c4b9103509b8ef638996eb9801b7da"},"/home/travis/build/thibaudcolas/draftjs-filters/src/lib/constants.js":{"path":"/home/travis/build/thibaudcolas/draftjs-filters/src/lib/constants.js","statementMap":{"0":{"start":{"line":2,"column":22},"end":{"line":2,"column":30}},"1":{"start":{"line":3,"column":24},"end":{"line":3,"column":34}},"2":{"start":{"line":4,"column":35},"end":{"line":4,"column":56}},"3":{"start":{"line":5,"column":33},"end":{"line":5,"column":52}},"4":{"start":{"line":7,"column":21},"end":{"line":7,"column":28}}},"fnMap":{},"branchMap":{},"s":{"0":17,"1":17,"2":17,"3":17,"4":17},"f":{},"b":{},"_coverageSchema":"332fd63041d2c1bcb487cc26dd0d5f7d97098a6c","hash":"b9deb0fc7e72a4a42a82df463edb7e576b9065a6"},"/home/travis/build/thibaudcolas/draftjs-filters/src/lib/index.js":{"path":"/home/travis/build/thibaudcolas/draftjs-filters/src/lib/index.js","statementMap":{},"fnMap":{},"branchMap":{},"s":{},"f":{},"b":{},"_coverageSchema":"332fd63041d2c1bcb487cc26dd0d5f7d97098a6c","hash":"0ed91108a5fcffd66ec3fd8e952fd302802f8c58"},"/home/travis/build/thibaudcolas/draftjs-filters/src/lib/filters/atomic.js":{"path":"/home/travis/build/thibaudcolas/draftjs-filters/src/lib/filters/atomic.js","statementMap":{"0":{"start":{"line":12,"column":36},"end":{"line":32,"column":1}},"1":{"start":{"line":13,"column":19},"end":{"line":13,"column":40}},"2":{"start":{"line":15,"column":26},"end":{"line":23,"column":46}},"3":{"start":{"line":17,"column":19},"end":{"line":17,"column":34}},"4":{"start":{"line":18,"column":24},"end":{"line":18,"column":44}},"5":{"start":{"line":19,"column":29},"end":{"line":19,"column":75}},"6":{"start":{"line":21,"column":6},"end":{"line":21,"column":27}},"7":{"start":{"line":23,"column":20},"end":{"line":23,"column":45}},"8":{"start":{"line":25,"column":2},"end":{"line":29,"column":3}},"9":{"start":{"line":26,"column":4},"end":{"line":28,"column":6}},"10":{"start":{"line":31,"column":2},"end":{"line":31,"column":16}},"11":{"start":{"line":38,"column":33},"end":{"line":76,"column":1}},"12":{"start":{"line":39,"column":19},"end":{"line":39,"column":40}},"13":{"start":{"line":40,"column":15},"end":{"line":40,"column":23}},"14":{"start":{"line":42,"column":27},"end":{"line":67,"column":6}},"15":{"start":{"line":45,"column":8},"end":{"line":46,"column":73}},"16":{"start":{"line":50,"column":20},"end":{"line":61,"column":10}},"17":{"start":{"line":54,"column":24},"end":{"line":54,"column":28}},"18":{"start":{"line":56,"column":10},"end":{"line":58,"column":12}},"19":{"start":{"line":57,"column":12},"end":{"line":57,"column":66}},"20":{"start":{"line":60,"column":10},"end":{"line":60,"column":24}},"21":{"start":{"line":63,"column":6},"end":{"line":66,"column":8}},"22":{"start":{"line":69,"column":2},"end":{"line":71,"column":3}},"23":{"start":{"line":70,"column":4},"end":{"line":70,"column":43}},"24":{"start":{"line":73,"column":2},"end":{"line":75,"column":4}},"25":{"start":{"line":81,"column":41},"end":{"line":115,"column":1}},"26":{"start":{"line":85,"column":19},"end":{"line":85,"column":40}},"27":{"start":{"line":87,"column":29},"end":{"line":104,"column":3}},"28":{"start":{"line":88,"column":4},"end":{"line":90,"column":5}},"29":{"start":{"line":89,"column":6},"end":{"line":89,"column":17}},"30":{"start":{"line":92,"column":22},"end":{"line":92,"column":42}},"31":{"start":{"line":95,"column":4},"end":{"line":101,"column":5}},"32":{"start":{"line":96,"column":19},"end":{"line":96,"column":57}},"33":{"start":{"line":98,"column":6},"end":{"line":98,"column":54}},"34":{"start":{"line":98,"column":38},"end":{"line":98,"column":53}},"35":{"start":{"line":100,"column":6},"end":{"line":100,"column":21}},"36":{"start":{"line":103,"column":4},"end":{"line":103,"column":18}},"37":{"start":{"line":106,"column":25},"end":{"line":106,"column":60}},"38":{"start":{"line":108,"column":2},"end":{"line":112,"column":3}},"39":{"start":{"line":109,"column":4},"end":{"line":111,"column":6}},"40":{"start":{"line":114,"column":2},"end":{"line":114,"column":16}}},"fnMap":{"0":{"name":"(anonymous_0)","decl":{"start":{"line":12,"column":36},"end":{"line":12,"column":37}},"loc":{"start":{"line":12,"column":63},"end":{"line":32,"column":1}},"line":12},"1":{"name":"(anonymous_1)","decl":{"start":{"line":16,"column":12},"end":{"line":16,"column":13}},"loc":{"start":{"line":16,"column":23},"end":{"line":22,"column":5}},"line":16},"2":{"name":"(anonymous_2)","decl":{"start":{"line":23,"column":9},"end":{"line":23,"column":10}},"loc":{"start":{"line":23,"column":20},"end":{"line":23,"column":45}},"line":23},"3":{"name":"(anonymous_3)","decl":{"start":{"line":38,"column":33},"end":{"line":38,"column":34}},"loc":{"start":{"line":38,"column":60},"end":{"line":76,"column":1}},"line":38},"4":{"name":"(anonymous_4)","decl":{"start":{"line":44,"column":6},"end":{"line":44,"column":7}},"loc":{"start":{"line":45,"column":8},"end":{"line":46,"column":73}},"line":45},"5":{"name":"(anonymous_5)","decl":{"start":{"line":48,"column":9},"end":{"line":48,"column":10}},"loc":{"start":{"line":48,"column":20},"end":{"line":67,"column":5}},"line":48},"6":{"name":"(anonymous_6)","decl":{"start":{"line":53,"column":13},"end":{"line":53,"column":14}},"loc":{"start":{"line":53,"column":23},"end":{"line":61,"column":9}},"line":53},"7":{"name":"(anonymous_7)","decl":{"start":{"line":56,"column":34},"end":{"line":56,"column":35}},"loc":{"start":{"line":56,"column":44},"end":{"line":58,"column":11}},"line":56},"8":{"name":"(anonymous_8)","decl":{"start":{"line":81,"column":41},"end":{"line":81,"column":42}},"loc":{"start":{"line":84,"column":5},"end":{"line":115,"column":1}},"line":84},"9":{"name":"(anonymous_9)","decl":{"start":{"line":87,"column":29},"end":{"line":87,"column":30}},"loc":{"start":{"line":87,"column":40},"end":{"line":104,"column":3}},"line":87},"10":{"name":"(anonymous_10)","decl":{"start":{"line":98,"column":31},"end":{"line":98,"column":32}},"loc":{"start":{"line":98,"column":38},"end":{"line":98,"column":53}},"line":98}},"branchMap":{"0":{"loc":{"start":{"line":19,"column":29},"end":{"line":19,"column":75}},"type":"binary-expr","locations":[{"start":{"line":19,"column":29},"end":{"line":19,"column":38}},{"start":{"line":19,"column":42},"end":{"line":19,"column":75}}],"line":19},"1":{"loc":{"start":{"line":25,"column":2},"end":{"line":29,"column":3}},"type":"if","locations":[{"start":{"line":25,"column":2},"end":{"line":29,"column":3}},{"start":{"line":25,"column":2},"end":{"line":29,"column":3}}],"line":25},"2":{"loc":{"start":{"line":45,"column":8},"end":{"line":46,"column":73}},"type":"binary-expr","locations":[{"start":{"line":45,"column":8},"end":{"line":45,"column":34}},{"start":{"line":46,"column":9},"end":{"line":46,"column":32}},{"start":{"line":46,"column":36},"end":{"line":46,"column":72}}],"line":45},"3":{"loc":{"start":{"line":69,"column":2},"end":{"line":71,"column":3}},"type":"if","locations":[{"start":{"line":69,"column":2},"end":{"line":71,"column":3}},{"start":{"line":69,"column":2},"end":{"line":71,"column":3}}],"line":69},"4":{"loc":{"start":{"line":88,"column":4},"end":{"line":90,"column":5}},"type":"if","locations":[{"start":{"line":88,"column":4},"end":{"line":90,"column":5}},{"start":{"line":88,"column":4},"end":{"line":90,"column":5}}],"line":88},"5":{"loc":{"start":{"line":95,"column":4},"end":{"line":101,"column":5}},"type":"if","locations":[{"start":{"line":95,"column":4},"end":{"line":101,"column":5}},{"start":{"line":95,"column":4},"end":{"line":101,"column":5}}],"line":95},"6":{"loc":{"start":{"line":108,"column":2},"end":{"line":112,"column":3}},"type":"if","locations":[{"start":{"line":108,"column":2},"end":{"line":112,"column":3}},{"start":{"line":108,"column":2},"end":{"line":112,"column":3}}],"line":108}},"s":{"0":15,"1":85,"2":85,"3":5176,"4":5176,"5":5176,"6":5176,"7":86,"8":85,"9":32,"10":53,"11":15,"12":85,"13":85,"14":85,"15":5174,"16":52,"17":52,"18":52,"19":3,"20":52,"21":52,"22":85,"23":23,"24":85,"25":15,"26":85,"27":85,"28":5173,"29":5084,"30":89,"31":89,"32":58,"33":58,"34":97,"35":31,"36":89,"37":85,"38":85,"39":15,"40":70},"f":{"0":85,"1":5176,"2":86,"3":85,"4":5174,"5":52,"6":52,"7":3,"8":85,"9":5173,"10":97},"b":{"0":[5176,112],"1":[32,53],"2":[5174,90,41],"3":[23,62],"4":[5084,89],"5":[58,31],"6":[15,70]},"_coverageSchema":"332fd63041d2c1bcb487cc26dd0d5f7d97098a6c","hash":"805805fabd21627aeab0550474e0b7ce75a1eeeb"},"/home/travis/build/thibaudcolas/draftjs-filters/src/lib/filters/blocks.js":{"path":"/home/travis/build/thibaudcolas/draftjs-filters/src/lib/filters/blocks.js","statementMap":{"0":{"start":{"line":9,"column":40},"end":{"line":29,"column":1}},"1":{"start":{"line":10,"column":19},"end":{"line":10,"column":40}},"2":{"start":{"line":12,"column":28},"end":{"line":18,"column":3}},"3":{"start":{"line":13,"column":24},"end":{"line":15,"column":5}},"4":{"start":{"line":17,"column":4},"end":{"line":17,"column":48}},"5":{"start":{"line":20,"column":25},"end":{"line":20,"column":59}},"6":{"start":{"line":22,"column":2},"end":{"line":26,"column":3}},"7":{"start":{"line":23,"column":4},"end":{"line":25,"column":6}},"8":{"start":{"line":28,"column":2},"end":{"line":28,"column":16}},"9":{"start":{"line":38,"column":35},"end":{"line":104,"column":1}},"10":{"start":{"line":46,"column":19},"end":{"line":46,"column":40}},"11":{"start":{"line":48,"column":17},"end":{"line":97,"column":6}},"12":{"start":{"line":49,"column":23},"end":{"line":49,"column":53}},"13":{"start":{"line":51,"column":19},"end":{"line":51,"column":34}},"14":{"start":{"line":52,"column":21},"end":{"line":52,"column":26}},"15":{"start":{"line":55,"column":27},"end":{"line":58,"column":8}},"16":{"start":{"line":56,"column":8},"end":{"line":56,"column":48}},"17":{"start":{"line":57,"column":8},"end":{"line":57,"column":29}},"18":{"start":{"line":60,"column":6},"end":{"line":94,"column":7}},"19":{"start":{"line":61,"column":21},"end":{"line":61,"column":36}},"20":{"start":{"line":62,"column":23},"end":{"line":62,"column":43}},"21":{"start":{"line":66,"column":8},"end":{"line":68,"column":9}},"22":{"start":{"line":67,"column":10},"end":{"line":67,"column":25}},"23":{"start":{"line":77,"column":28},"end":{"line":77,"column":43}},"24":{"start":{"line":81,"column":20},"end":{"line":81,"column":44}},"25":{"start":{"line":82,"column":26},"end":{"line":82,"column":27}},"26":{"start":{"line":83,"column":8},"end":{"line":86,"column":9}},"27":{"start":{"line":84,"column":10},"end":{"line":84,"column":31}},"28":{"start":{"line":85,"column":10},"end":{"line":85,"column":23}},"29":{"start":{"line":88,"column":8},"end":{"line":93,"column":10}},"30":{"start":{"line":96,"column":6},"end":{"line":96,"column":21}},"31":{"start":{"line":99,"column":2},"end":{"line":103,"column":8}},"32":{"start":{"line":109,"column":31},"end":{"line":121,"column":1}},"33":{"start":{"line":110,"column":19},"end":{"line":110,"column":40}},"34":{"start":{"line":112,"column":24},"end":{"line":114,"column":44}},"35":{"start":{"line":113,"column":23},"end":{"line":113,"column":45}},"36":{"start":{"line":114,"column":20},"end":{"line":114,"column":43}},"37":{"start":{"line":116,"column":2},"end":{"line":120,"column":8}},"38":{"start":{"line":127,"column":32},"end":{"line":147,"column":1}},"39":{"start":{"line":131,"column":19},"end":{"line":131,"column":40}},"40":{"start":{"line":133,"column":24},"end":{"line":140,"column":5}},"41":{"start":{"line":134,"column":23},"end":{"line":134,"column":59}},"42":{"start":{"line":136,"column":6},"end":{"line":139,"column":8}},"43":{"start":{"line":142,"column":2},"end":{"line":146,"column":8}}},"fnMap":{"0":{"name":"(anonymous_0)","decl":{"start":{"line":9,"column":40},"end":{"line":9,"column":41}},"loc":{"start":{"line":9,"column":67},"end":{"line":29,"column":1}},"line":9},"1":{"name":"(anonymous_1)","decl":{"start":{"line":12,"column":28},"end":{"line":12,"column":29}},"loc":{"start":{"line":12,"column":39},"end":{"line":18,"column":3}},"line":12},"2":{"name":"(anonymous_2)","decl":{"start":{"line":38,"column":35},"end":{"line":38,"column":36}},"loc":{"start":{"line":45,"column":5},"end":{"line":104,"column":1}},"line":45},"3":{"name":"(anonymous_3)","decl":{"start":{"line":49,"column":12},"end":{"line":49,"column":13}},"loc":{"start":{"line":49,"column":23},"end":{"line":49,"column":53}},"line":49},"4":{"name":"(anonymous_4)","decl":{"start":{"line":50,"column":9},"end":{"line":50,"column":10}},"loc":{"start":{"line":50,"column":20},"end":{"line":97,"column":5}},"line":50},"5":{"name":"(anonymous_5)","decl":{"start":{"line":55,"column":38},"end":{"line":55,"column":39}},"loc":{"start":{"line":55,"column":48},"end":{"line":58,"column":7}},"line":55},"6":{"name":"(anonymous_6)","decl":{"start":{"line":109,"column":31},"end":{"line":109,"column":32}},"loc":{"start":{"line":109,"column":71},"end":{"line":121,"column":1}},"line":109},"7":{"name":"(anonymous_7)","decl":{"start":{"line":113,"column":12},"end":{"line":113,"column":13}},"loc":{"start":{"line":113,"column":23},"end":{"line":113,"column":45}},"line":113},"8":{"name":"(anonymous_8)","decl":{"start":{"line":114,"column":9},"end":{"line":114,"column":10}},"loc":{"start":{"line":114,"column":20},"end":{"line":114,"column":43}},"line":114},"9":{"name":"(anonymous_9)","decl":{"start":{"line":127,"column":32},"end":{"line":127,"column":33}},"loc":{"start":{"line":130,"column":5},"end":{"line":147,"column":1}},"line":130},"10":{"name":"(anonymous_10)","decl":{"start":{"line":134,"column":12},"end":{"line":134,"column":13}},"loc":{"start":{"line":134,"column":23},"end":{"line":134,"column":59}},"line":134},"11":{"name":"(anonymous_11)","decl":{"start":{"line":135,"column":9},"end":{"line":135,"column":10}},"loc":{"start":{"line":136,"column":6},"end":{"line":139,"column":8}},"line":136}},"branchMap":{"0":{"loc":{"start":{"line":17,"column":11},"end":{"line":17,"column":48}},"type":"binary-expr","locations":[{"start":{"line":17,"column":11},"end":{"line":17,"column":22}},{"start":{"line":17,"column":26},"end":{"line":17,"column":48}}],"line":17},"1":{"loc":{"start":{"line":22,"column":2},"end":{"line":26,"column":3}},"type":"if","locations":[{"start":{"line":22,"column":2},"end":{"line":26,"column":3}},{"start":{"line":22,"column":2},"end":{"line":26,"column":3}}],"line":22},"2":{"loc":{"start":{"line":60,"column":6},"end":{"line":94,"column":7}},"type":"if","locations":[{"start":{"line":60,"column":6},"end":{"line":94,"column":7}},{"start":{"line":60,"column":6},"end":{"line":94,"column":7}}],"line":60},"3":{"loc":{"start":{"line":60,"column":10},"end":{"line":60,"column":43}},"type":"binary-expr","locations":[{"start":{"line":60,"column":10},"end":{"line":60,"column":22}},{"start":{"line":60,"column":26},"end":{"line":60,"column":31}},{"start":{"line":60,"column":35},"end":{"line":60,"column":43}}],"line":60},"4":{"loc":{"start":{"line":66,"column":8},"end":{"line":68,"column":9}},"type":"if","locations":[{"start":{"line":66,"column":8},"end":{"line":68,"column":9}},{"start":{"line":66,"column":8},"end":{"line":68,"column":9}}],"line":66},"5":{"loc":{"start":{"line":66,"column":12},"end":{"line":66,"column":39}},"type":"binary-expr","locations":[{"start":{"line":66,"column":12},"end":{"line":66,"column":18}},{"start":{"line":66,"column":22},"end":{"line":66,"column":39}}],"line":66},"6":{"loc":{"start":{"line":99,"column":9},"end":{"line":103,"column":8}},"type":"cond-expr","locations":[{"start":{"line":100,"column":6},"end":{"line":100,"column":13}},{"start":{"line":101,"column":6},"end":{"line":103,"column":8}}],"line":99},"7":{"loc":{"start":{"line":116,"column":9},"end":{"line":120,"column":8}},"type":"cond-expr","locations":[{"start":{"line":117,"column":6},"end":{"line":117,"column":13}},{"start":{"line":118,"column":6},"end":{"line":120,"column":8}}],"line":116},"8":{"loc":{"start":{"line":142,"column":9},"end":{"line":146,"column":8}},"type":"cond-expr","locations":[{"start":{"line":143,"column":6},"end":{"line":143,"column":13}},{"start":{"line":144,"column":6},"end":{"line":146,"column":8}}],"line":142}},"s":{"0":15,"1":85,"2":85,"3":5183,"4":5183,"5":85,"6":85,"7":6,"8":79,"9":15,"10":77,"11":77,"12":5173,"13":3838,"14":3838,"15":3838,"16":22337,"17":22337,"18":3838,"19":172,"20":172,"21":172,"22":11,"23":161,"24":161,"25":161,"26":161,"27":316,"28":316,"29":161,"30":3827,"31":77,"32":15,"33":77,"34":77,"35":5150,"36":9,"37":77,"38":15,"39":77,"40":77,"41":5151,"42":147,"43":77},"f":{"0":85,"1":5183,"2":77,"3":5173,"4":3838,"5":22337,"6":77,"7":5150,"8":9,"9":77,"10":5151,"11":147},"b":{"0":[5183,4104],"1":[6,79],"2":[172,3666],"3":[3838,172,172],"4":[11,161],"5":[172,22],"6":[1,76],"7":[74,3],"8":[58,19]},"_coverageSchema":"332fd63041d2c1bcb487cc26dd0d5f7d97098a6c","hash":"9b6bc7f2878469206886d9e2a194fac9840f27dd"},"/home/travis/build/thibaudcolas/draftjs-filters/src/lib/filters/styles.js":{"path":"/home/travis/build/thibaudcolas/draftjs-filters/src/lib/filters/styles.js","statementMap":{"0":{"start":{"line":7,"column":34},"end":{"line":36,"column":1}},"1":{"start":{"line":11,"column":19},"end":{"line":11,"column":40}},"2":{"start":{"line":13,"column":17},"end":{"line":31,"column":4}},"3":{"start":{"line":14,"column":18},"end":{"line":14,"column":23}},"4":{"start":{"line":16,"column":18},"end":{"line":28,"column":6}},"5":{"start":{"line":17,"column":20},"end":{"line":17,"column":24}},"6":{"start":{"line":19,"column":6},"end":{"line":25,"column":10}},"7":{"start":{"line":21,"column":26},"end":{"line":21,"column":51}},"8":{"start":{"line":23,"column":10},"end":{"line":23,"column":24}},"9":{"start":{"line":24,"column":10},"end":{"line":24,"column":64}},"10":{"start":{"line":27,"column":6},"end":{"line":27,"column":20}},"11":{"start":{"line":30,"column":4},"end":{"line":30,"column":62}},"12":{"start":{"line":33,"column":2},"end":{"line":35,"column":4}}},"fnMap":{"0":{"name":"(anonymous_0)","decl":{"start":{"line":7,"column":34},"end":{"line":7,"column":35}},"loc":{"start":{"line":10,"column":5},"end":{"line":36,"column":1}},"line":10},"1":{"name":"(anonymous_1)","decl":{"start":{"line":13,"column":30},"end":{"line":13,"column":31}},"loc":{"start":{"line":13,"column":41},"end":{"line":31,"column":3}},"line":13},"2":{"name":"(anonymous_2)","decl":{"start":{"line":16,"column":47},"end":{"line":16,"column":48}},"loc":{"start":{"line":16,"column":57},"end":{"line":28,"column":5}},"line":16},"3":{"name":"(anonymous_3)","decl":{"start":{"line":21,"column":16},"end":{"line":21,"column":17}},"loc":{"start":{"line":21,"column":26},"end":{"line":21,"column":51}},"line":21},"4":{"name":"(anonymous_4)","decl":{"start":{"line":22,"column":17},"end":{"line":22,"column":18}},"loc":{"start":{"line":22,"column":27},"end":{"line":25,"column":9}},"line":22}},"branchMap":{"0":{"loc":{"start":{"line":30,"column":11},"end":{"line":30,"column":62}},"type":"cond-expr","locations":[{"start":{"line":30,"column":21},"end":{"line":30,"column":54}},{"start":{"line":30,"column":57},"end":{"line":30,"column":62}}],"line":30}},"s":{"0":15,"1":77,"2":77,"3":5148,"4":5148,"5":99267,"6":99267,"7":10424,"8":1005,"9":1005,"10":99267,"11":5148,"12":77},"f":{"0":77,"1":5148,"2":99267,"3":10424,"4":1005},"b":{"0":[82,5066]},"_coverageSchema":"332fd63041d2c1bcb487cc26dd0d5f7d97098a6c","hash":"f2a7a1ef641d8407ade47d60e9f9c4dcd1bd44c0"},"/home/travis/build/thibaudcolas/draftjs-filters/src/lib/filters/text.js":{"path":"/home/travis/build/thibaudcolas/draftjs-filters/src/lib/filters/text.js","statementMap":{"0":{"start":{"line":7,"column":35},"end":{"line":30,"column":1}},"1":{"start":{"line":11,"column":19},"end":{"line":11,"column":40}},"2":{"start":{"line":13,"column":17},"end":{"line":25,"column":4}},"3":{"start":{"line":14,"column":17},"end":{"line":14,"column":32}},"4":{"start":{"line":20,"column":20},"end":{"line":22,"column":12}},"5":{"start":{"line":21,"column":6},"end":{"line":21,"column":72}},"6":{"start":{"line":24,"column":4},"end":{"line":24,"column":64}},"7":{"start":{"line":27,"column":2},"end":{"line":29,"column":4}}},"fnMap":{"0":{"name":"(anonymous_0)","decl":{"start":{"line":7,"column":35},"end":{"line":7,"column":36}},"loc":{"start":{"line":10,"column":5},"end":{"line":30,"column":1}},"line":10},"1":{"name":"(anonymous_1)","decl":{"start":{"line":13,"column":30},"end":{"line":13,"column":31}},"loc":{"start":{"line":13,"column":41},"end":{"line":25,"column":3}},"line":13},"2":{"name":"(anonymous_2)","decl":{"start":{"line":20,"column":38},"end":{"line":20,"column":39}},"loc":{"start":{"line":20,"column":53},"end":{"line":22,"column":5}},"line":20}},"branchMap":{"0":{"loc":{"start":{"line":24,"column":11},"end":{"line":24,"column":64}},"type":"cond-expr","locations":[{"start":{"line":24,"column":30},"end":{"line":24,"column":56}},{"start":{"line":24,"column":59},"end":{"line":24,"column":64}}],"line":24}},"s":{"0":15,"1":77,"2":77,"3":5125,"4":5125,"5":5301,"6":5125,"7":77},"f":{"0":77,"1":5125,"2":5301},"b":{"0":[12,5113]},"_coverageSchema":"332fd63041d2c1bcb487cc26dd0d5f7d97098a6c","hash":"074994a62b456bcc402a0dc70bbaeca39c8fb275"},"/home/travis/build/thibaudcolas/draftjs-filters/src/lib/filters/selection.js":{"path":"/home/travis/build/thibaudcolas/draftjs-filters/src/lib/filters/selection.js","statementMap":{"0":{"start":{"line":10,"column":41},"end":{"line":66,"column":1}},"1":{"start":{"line":16,"column":2},"end":{"line":18,"column":3}},"2":{"start":{"line":17,"column":4},"end":{"line":17,"column":22}},"3":{"start":{"line":21,"column":2},"end":{"line":27,"column":3}},"4":{"start":{"line":22,"column":4},"end":{"line":26,"column":5}},"5":{"start":{"line":29,"column":20},"end":{"line":31,"column":4}},"6":{"start":{"line":32,"column":20},"end":{"line":32,"column":46}},"7":{"start":{"line":33,"column":20},"end":{"line":33,"column":44}},"8":{"start":{"line":34,"column":22},"end":{"line":34,"column":59}},"9":{"start":{"line":38,"column":30},"end":{"line":38,"column":71}},"10":{"start":{"line":39,"column":2},"end":{"line":41,"column":3}},"11":{"start":{"line":40,"column":4},"end":{"line":40,"column":20}},"12":{"start":{"line":43,"column":19},"end":{"line":43,"column":53}},"13":{"start":{"line":47,"column":24},"end":{"line":49,"column":71}},"14":{"start":{"line":49,"column":17},"end":{"line":49,"column":70}},"15":{"start":{"line":52,"column":2},"end":{"line":63,"column":3}},"16":{"start":{"line":53,"column":30},"end":{"line":53,"column":71}},"17":{"start":{"line":54,"column":27},"end":{"line":54,"column":61}},"18":{"start":{"line":55,"column":26},"end":{"line":60,"column":6}},"19":{"start":{"line":62,"column":4},"end":{"line":62,"column":64}},"20":{"start":{"line":65,"column":2},"end":{"line":65,"column":18}}},"fnMap":{"0":{"name":"(anonymous_0)","decl":{"start":{"line":10,"column":41},"end":{"line":10,"column":42}},"loc":{"start":{"line":14,"column":5},"end":{"line":66,"column":1}},"line":14},"1":{"name":"(anonymous_1)","decl":{"start":{"line":49,"column":10},"end":{"line":49,"column":11}},"loc":{"start":{"line":49,"column":17},"end":{"line":49,"column":70}},"line":49}},"branchMap":{"0":{"loc":{"start":{"line":16,"column":2},"end":{"line":18,"column":3}},"type":"if","locations":[{"start":{"line":16,"column":2},"end":{"line":18,"column":3}},{"start":{"line":16,"column":2},"end":{"line":18,"column":3}}],"line":16},"1":{"loc":{"start":{"line":21,"column":2},"end":{"line":27,"column":3}},"type":"if","locations":[{"start":{"line":21,"column":2},"end":{"line":27,"column":3}},{"start":{"line":21,"column":2},"end":{"line":27,"column":3}}],"line":21},"2":{"loc":{"start":{"line":38,"column":30},"end":{"line":38,"column":71}},"type":"binary-expr","locations":[{"start":{"line":38,"column":30},"end":{"line":38,"column":54}},{"start":{"line":38,"column":58},"end":{"line":38,"column":71}}],"line":38},"3":{"loc":{"start":{"line":39,"column":2},"end":{"line":41,"column":3}},"type":"if","locations":[{"start":{"line":39,"column":2},"end":{"line":41,"column":3}},{"start":{"line":39,"column":2},"end":{"line":41,"column":3}}],"line":39},"4":{"loc":{"start":{"line":52,"column":2},"end":{"line":63,"column":3}},"type":"if","locations":[{"start":{"line":52,"column":2},"end":{"line":63,"column":3}},{"start":{"line":52,"column":2},"end":{"line":63,"column":3}}],"line":52}},"s":{"0":14,"1":84,"2":47,"3":37,"4":1,"5":36,"6":36,"7":36,"8":36,"9":36,"10":36,"11":31,"12":5,"13":5,"14":10,"15":5,"16":4,"17":4,"18":4,"19":4,"20":1},"f":{"0":84,"1":10},"b":{"0":[47,37],"1":[1,36],"2":[36,35],"3":[31,5],"4":[4,1]},"_coverageSchema":"332fd63041d2c1bcb487cc26dd0d5f7d97098a6c","hash":"eb99b75864d80033b0bfc000fd9082567c6e6d4c"},"/home/travis/build/thibaudcolas/draftjs-filters/src/lib/filters/editor.js":{"path":"/home/travis/build/thibaudcolas/draftjs-filters/src/lib/filters/editor.js","statementMap":{"0":{"start":{"line":50,"column":21},"end":{"line":83,"column":1}},"1":{"start":{"line":90,"column":33},"end":{"line":145,"column":1}},"2":{"start":{"line":100,"column":6},"end":{"line":100,"column":13}},"3":{"start":{"line":101,"column":32},"end":{"line":112,"column":3}},"4":{"start":{"line":102,"column":19},"end":{"line":102,"column":47}},"5":{"start":{"line":103,"column":23},"end":{"line":103,"column":39}},"6":{"start":{"line":104,"column":23},"end":{"line":104,"column":39}},"7":{"start":{"line":105,"column":22},"end":{"line":105,"column":37}},"8":{"start":{"line":107,"column":4},"end":{"line":111,"column":5}},"9":{"start":{"line":115,"column":18},"end":{"line":136,"column":3}},"10":{"start":{"line":138,"column":18},"end":{"line":138,"column":49}},"11":{"start":{"line":139,"column":22},"end":{"line":142,"column":3}},"12":{"start":{"line":140,"column":29},"end":{"line":140,"column":38}},"13":{"start":{"line":144,"column":2},"end":{"line":144,"column":69}}},"fnMap":{"0":{"name":"(anonymous_0)","decl":{"start":{"line":90,"column":33},"end":{"line":90,"column":34}},"loc":{"start":{"line":93,"column":5},"end":{"line":145,"column":1}},"line":93},"1":{"name":"(anonymous_1)","decl":{"start":{"line":101,"column":32},"end":{"line":101,"column":33}},"loc":{"start":{"line":101,"column":63},"end":{"line":112,"column":3}},"line":101},"2":{"name":"(anonymous_2)","decl":{"start":{"line":140,"column":4},"end":{"line":140,"column":5}},"loc":{"start":{"line":140,"column":29},"end":{"line":140,"column":38}},"line":140}},"branchMap":{"0":{"loc":{"start":{"line":108,"column":6},"end":{"line":110,"column":53}},"type":"binary-expr","locations":[{"start":{"line":108,"column":6},"end":{"line":108,"column":48}},{"start":{"line":109,"column":6},"end":{"line":109,"column":67}},{"start":{"line":110,"column":6},"end":{"line":110,"column":53}}],"line":108}},"s":{"0":14,"1":14,"2":75,"3":75,"4":6051,"5":6051,"6":6051,"7":6051,"8":6051,"9":75,"10":75,"11":75,"12":900,"13":75},"f":{"0":75,"1":6051,"2":900},"b":{"0":[6051,6043,5904]},"_coverageSchema":"332fd63041d2c1bcb487cc26dd0d5f7d97098a6c","hash":"970c312e9ee8552d54c95c3ff417f66e8c9ac0e2"},"/home/travis/build/thibaudcolas/draftjs-filters/src/tests/utils.js":{"path":"/home/travis/build/thibaudcolas/draftjs-filters/src/tests/utils.js","statementMap":{"0":{"start":{"line":7,"column":0},"end":{"line":7,"column":70}},"1":{"start":{"line":9,"column":22},"end":{"line":37,"column":1}},"2":{"start":{"line":39,"column":33},"end":{"line":55,"column":1}},"3":{"start":{"line":40,"column":22},"end":{"line":43,"column":3}},"4":{"start":{"line":47,"column":26},"end":{"line":47,"column":71}},"5":{"start":{"line":48,"column":2},"end":{"line":48,"column":62}},"6":{"start":{"line":51,"column":24},"end":{"line":53,"column":3}},"7":{"start":{"line":54,"column":2},"end":{"line":54,"column":48}}},"fnMap":{"0":{"name":"(anonymous_0)","decl":{"start":{"line":39,"column":33},"end":{"line":39,"column":34}},"loc":{"start":{"line":39,"column":42},"end":{"line":55,"column":1}},"line":39}},"branchMap":{},"s":{"0":7,"1":7,"2":7,"3":34,"4":34,"5":34,"6":34,"7":34},"f":{"0":34},"b":{},"_coverageSchema":"332fd63041d2c1bcb487cc26dd0d5f7d97098a6c","hash":"32f71651e692c5d893b8b174782d85fbdf50c1ed"},"/home/travis/build/thibaudcolas/draftjs-filters/src/demo/components/FilterableEditor.js":{"path":"/home/travis/build/thibaudcolas/draftjs-filters/src/demo/components/FilterableEditor.js","statementMap":{"0":{"start":{"line":24,"column":15},"end":{"line":30,"column":1}},"1":{"start":{"line":32,"column":24},"end":{"line":44,"column":1}},"2":{"start":{"line":46,"column":15},"end":{"line":49,"column":1}},"3":{"start":{"line":51,"column":24},"end":{"line":57,"column":1}},"4":{"start":{"line":59,"column":17},"end":{"line":76,"column":1}},"5":{"start":{"line":78,"column":20},"end":{"line":78,"column":21}},"6":{"start":{"line":80,"column":29},"end":{"line":80,"column":30}},"7":{"start":{"line":96,"column":4},"end":{"line":96,"column":16}},"8":{"start":{"line":97,"column":25},"end":{"line":97,"column":30}},"9":{"start":{"line":99,"column":22},"end":{"line":104,"column":6}},"10":{"start":{"line":106,"column":17},"end":{"line":106,"column":58}},"11":{"start":{"line":109,"column":4},"end":{"line":116,"column":5}},"12":{"start":{"line":110,"column":22},"end":{"line":110,"column":54}},"13":{"start":{"line":112,"column":6},"end":{"line":112,"column":69}},"14":{"start":{"line":115,"column":6},"end":{"line":115,"column":54}},"15":{"start":{"line":118,"column":4},"end":{"line":121,"column":5}},"16":{"start":{"line":121,"column":5},"end":{"line":122,"column":5}},"17":{"start":{"line":122,"column":5},"end":{"line":123,"column":5}},"18":{"start":{"line":123,"column":5},"end":{"line":124,"column":5}},"19":{"start":{"line":124,"column":5},"end":{"line":125,"column":5}},"20":{"start":{"line":125,"column":5},"end":{"line":126,"column":5}},"21":{"start":{"line":126,"column":5},"end":{"line":127,"column":5}},"22":{"start":{"line":127,"column":5},"end":{"line":127,"column":68}},"23":{"start":{"line":131,"column":35},"end":{"line":131,"column":45}},"24":{"start":{"line":132,"column":28},"end":{"line":132,"column":38}},"25":{"start":{"line":133,"column":24},"end":{"line":133,"column":33}},"26":{"start":{"line":135,"column":4},"end":{"line":151,"column":5}},"27":{"start":{"line":137,"column":8},"end":{"line":138,"column":63}},"28":{"start":{"line":140,"column":6},"end":{"line":150,"column":7}},"29":{"start":{"line":141,"column":24},"end":{"line":147,"column":9}},"30":{"start":{"line":149,"column":8},"end":{"line":149,"column":65}},"31":{"start":{"line":153,"column":4},"end":{"line":153,"column":49}},"32":{"start":{"line":155,"column":4},"end":{"line":158,"column":5}},"33":{"start":{"line":162,"column":28},"end":{"line":162,"column":38}},"34":{"start":{"line":163,"column":4},"end":{"line":163,"column":65}},"35":{"start":{"line":165,"column":4},"end":{"line":165,"column":22}},"36":{"start":{"line":169,"column":28},"end":{"line":169,"column":38}},"37":{"start":{"line":170,"column":4},"end":{"line":170,"column":63}},"38":{"start":{"line":172,"column":4},"end":{"line":172,"column":22}},"39":{"start":{"line":176,"column":28},"end":{"line":176,"column":38}},"40":{"start":{"line":177,"column":18},"end":{"line":177,"column":49}},"41":{"start":{"line":179,"column":4},"end":{"line":194,"column":5}},"42":{"start":{"line":180,"column":6},"end":{"line":182,"column":8}},"43":{"start":{"line":183,"column":24},"end":{"line":183,"column":57}},"44":{"start":{"line":184,"column":6},"end":{"line":186,"column":7}},"45":{"start":{"line":188,"column":6},"end":{"line":190,"column":8}},"46":{"start":{"line":191,"column":24},"end":{"line":191,"column":57}},"47":{"start":{"line":192,"column":24},"end":{"line":192,"column":50}},"48":{"start":{"line":193,"column":6},"end":{"line":193,"column":76}},"49":{"start":{"line":198,"column":4},"end":{"line":200,"column":5}},"50":{"start":{"line":199,"column":6},"end":{"line":199,"column":17}},"51":{"start":{"line":202,"column":4},"end":{"line":205,"column":5}},"52":{"start":{"line":209,"column":25},"end":{"line":209,"column":35}},"53":{"start":{"line":210,"column":28},"end":{"line":210,"column":38}},"54":{"start":{"line":211,"column":23},"end":{"line":211,"column":68}},"55":{"start":{"line":212,"column":21},"end":{"line":212,"column":68}},"56":{"start":{"line":214,"column":4},"end":{"line":214,"column":27}},"57":{"start":{"line":218,"column":28},"end":{"line":218,"column":38}},"58":{"start":{"line":220,"column":19},"end":{"line":220,"column":67}},"59":{"start":{"line":222,"column":4},"end":{"line":225,"column":5}},"60":{"start":{"line":223,"column":6},"end":{"line":223,"column":29}},"61":{"start":{"line":224,"column":6},"end":{"line":224,"column":22}},"62":{"start":{"line":227,"column":4},"end":{"line":227,"column":24}},"63":{"start":{"line":231,"column":25},"end":{"line":231,"column":35}},"64":{"start":{"line":232,"column":28},"end":{"line":232,"column":38}},"65":{"start":{"line":233,"column":19},"end":{"line":233,"column":54}},"66":{"start":{"line":234,"column":19},"end":{"line":234,"column":54}},"67":{"start":{"line":236,"column":4},"end":{"line":288,"column":5}},"68":{"start":{"line":241,"column":14},"end":{"line":246,"column":23}},"69":{"start":{"line":249,"column":14},"end":{"line":254,"column":23}},"70":{"start":{"line":257,"column":14},"end":{"line":262,"column":23}}},"fnMap":{"0":{"name":"(anonymous_0)","decl":{"start":{"line":95,"column":2},"end":{"line":95,"column":3}},"loc":{"start":{"line":95,"column":28},"end":{"line":128,"column":3}},"line":95},"1":{"name":"(anonymous_1)","decl":{"start":{"line":130,"column":2},"end":{"line":130,"column":3}},"loc":{"start":{"line":130,"column":35},"end":{"line":159,"column":3}},"line":130},"2":{"name":"(anonymous_2)","decl":{"start":{"line":161,"column":2},"end":{"line":161,"column":3}},"loc":{"start":{"line":161,"column":38},"end":{"line":166,"column":3}},"line":161},"3":{"name":"(anonymous_3)","decl":{"start":{"line":168,"column":2},"end":{"line":168,"column":3}},"loc":{"start":{"line":168,"column":38},"end":{"line":173,"column":3}},"line":168},"4":{"name":"(anonymous_4)","decl":{"start":{"line":175,"column":2},"end":{"line":175,"column":3}},"loc":{"start":{"line":175,"column":38},"end":{"line":195,"column":3}},"line":175},"5":{"name":"(anonymous_5)","decl":{"start":{"line":197,"column":2},"end":{"line":197,"column":3}},"loc":{"start":{"line":197,"column":37},"end":{"line":206,"column":3}},"line":197},"6":{"name":"(anonymous_6)","decl":{"start":{"line":208,"column":2},"end":{"line":208,"column":3}},"loc":{"start":{"line":208,"column":41},"end":{"line":215,"column":3}},"line":208},"7":{"name":"(anonymous_7)","decl":{"start":{"line":217,"column":2},"end":{"line":217,"column":3}},"loc":{"start":{"line":217,"column":36},"end":{"line":228,"column":3}},"line":217},"8":{"name":"(anonymous_8)","decl":{"start":{"line":230,"column":2},"end":{"line":230,"column":3}},"loc":{"start":{"line":230,"column":11},"end":{"line":289,"column":3}},"line":230},"9":{"name":"(anonymous_9)","decl":{"start":{"line":240,"column":37},"end":{"line":240,"column":38}},"loc":{"start":{"line":241,"column":14},"end":{"line":246,"column":23}},"line":241},"10":{"name":"(anonymous_10)","decl":{"start":{"line":248,"column":37},"end":{"line":248,"column":38}},"loc":{"start":{"line":249,"column":14},"end":{"line":254,"column":23}},"line":249},"11":{"name":"(anonymous_11)","decl":{"start":{"line":256,"column":26},"end":{"line":256,"column":27}},"loc":{"start":{"line":257,"column":14},"end":{"line":262,"column":23}},"line":257}},"branchMap":{"0":{"loc":{"start":{"line":109,"column":4},"end":{"line":116,"column":5}},"type":"if","locations":[{"start":{"line":109,"column":4},"end":{"line":116,"column":5}},{"start":{"line":109,"column":4},"end":{"line":116,"column":5}}],"line":109},"1":{"loc":{"start":{"line":109,"column":8},"end":{"line":109,"column":24}},"type":"binary-expr","locations":[{"start":{"line":109,"column":8},"end":{"line":109,"column":16}},{"start":{"line":109,"column":20},"end":{"line":109,"column":24}}],"line":109},"2":{"loc":{"start":{"line":135,"column":4},"end":{"line":151,"column":5}},"type":"if","locations":[{"start":{"line":135,"column":4},"end":{"line":151,"column":5}},{"start":{"line":135,"column":4},"end":{"line":151,"column":5}}],"line":135},"3":{"loc":{"start":{"line":137,"column":8},"end":{"line":138,"column":63}},"type":"binary-expr","locations":[{"start":{"line":137,"column":8},"end":{"line":137,"column":73}},{"start":{"line":138,"column":8},"end":{"line":138,"column":63}}],"line":137},"4":{"loc":{"start":{"line":140,"column":6},"end":{"line":150,"column":7}},"type":"if","locations":[{"start":{"line":140,"column":6},"end":{"line":150,"column":7}},{"start":{"line":140,"column":6},"end":{"line":150,"column":7}}],"line":140},"5":{"loc":{"start":{"line":142,"column":30},"end":{"line":142,"column":65}},"type":"cond-expr","locations":[{"start":{"line":142,"column":41},"end":{"line":142,"column":56}},{"start":{"line":142,"column":59},"end":{"line":142,"column":65}}],"line":142},"6":{"loc":{"start":{"line":143,"column":30},"end":{"line":143,"column":65}},"type":"cond-expr","locations":[{"start":{"line":143,"column":41},"end":{"line":143,"column":56}},{"start":{"line":143,"column":59},"end":{"line":143,"column":65}}],"line":143},"7":{"loc":{"start":{"line":145,"column":22},"end":{"line":145,"column":67}},"type":"cond-expr","locations":[{"start":{"line":145,"column":33},"end":{"line":145,"column":53}},{"start":{"line":145,"column":56},"end":{"line":145,"column":67}}],"line":145},"8":{"loc":{"start":{"line":179,"column":4},"end":{"line":194,"column":5}},"type":"if","locations":[{"start":{"line":179,"column":4},"end":{"line":194,"column":5}},{"start":{"line":179,"column":4},"end":{"line":194,"column":5}}],"line":179},"9":{"loc":{"start":{"line":198,"column":4},"end":{"line":200,"column":5}},"type":"if","locations":[{"start":{"line":198,"column":4},"end":{"line":200,"column":5}},{"start":{"line":198,"column":4},"end":{"line":200,"column":5}}],"line":198},"10":{"loc":{"start":{"line":211,"column":23},"end":{"line":211,"column":68}},"type":"cond-expr","locations":[{"start":{"line":211,"column":34},"end":{"line":211,"column":54}},{"start":{"line":211,"column":57},"end":{"line":211,"column":68}}],"line":211},"11":{"loc":{"start":{"line":222,"column":4},"end":{"line":225,"column":5}},"type":"if","locations":[{"start":{"line":222,"column":4},"end":{"line":225,"column":5}},{"start":{"line":222,"column":4},"end":{"line":225,"column":5}}],"line":222},"12":{"loc":{"start":{"line":233,"column":19},"end":{"line":233,"column":54}},"type":"cond-expr","locations":[{"start":{"line":233,"column":30},"end":{"line":233,"column":45}},{"start":{"line":233,"column":48},"end":{"line":233,"column":54}}],"line":233},"13":{"loc":{"start":{"line":234,"column":19},"end":{"line":234,"column":54}},"type":"cond-expr","locations":[{"start":{"line":234,"column":30},"end":{"line":234,"column":45}},{"start":{"line":234,"column":48},"end":{"line":234,"column":54}}],"line":234}},"s":{"0":4,"1":4,"2":4,"3":4,"4":4,"5":4,"6":4,"7":19,"8":19,"9":19,"10":19,"11":19,"12":1,"13":1,"14":18,"15":19,"16":19,"17":19,"18":19,"19":19,"20":19,"21":19,"22":19,"23":9,"24":9,"25":9,"26":9,"27":3,"28":3,"29":2,"30":2,"31":9,"32":9,"33":1,"34":1,"35":1,"36":1,"37":1,"38":1,"39":2,"40":2,"41":2,"42":1,"43":1,"44":1,"45":1,"46":1,"47":1,"48":1,"49":4,"50":3,"51":1,"52":2,"53":2,"54":2,"55":2,"56":2,"57":2,"58":2,"59":2,"60":1,"61":1,"62":1,"63":28,"64":28,"65":28,"66":28,"67":28,"68":74,"69":176,"70":56},"f":{"0":19,"1":9,"2":1,"3":1,"4":2,"5":4,"6":2,"7":2,"8":28,"9":74,"10":176,"11":56},"b":{"0":[1,18],"1":[19,5],"2":[3,6],"3":[3,3],"4":[2,1],"5":[1,1],"6":[1,1],"7":[1,1],"8":[1,1],"9":[3,1],"10":[1,1],"11":[1,1],"12":[6,22],"13":[6,22]},"_coverageSchema":"332fd63041d2c1bcb487cc26dd0d5f7d97098a6c","hash":"624b952eee6c72825bc5e2784a7279745d764542"},"/home/travis/build/thibaudcolas/draftjs-filters/src/demo/components/SentryBoundary.js":{"path":"/home/travis/build/thibaudcolas/draftjs-filters/src/demo/components/SentryBoundary.js","statementMap":{"0":{"start":{"line":15,"column":4},"end":{"line":15,"column":16}},"1":{"start":{"line":16,"column":4},"end":{"line":16,"column":32}},"2":{"start":{"line":20,"column":29},"end":{"line":20,"column":43}},"3":{"start":{"line":21,"column":4},"end":{"line":21,"column":28}},"4":{"start":{"line":23,"column":4},"end":{"line":25,"column":5}},"5":{"start":{"line":24,"column":6},"end":{"line":24,"column":64}},"6":{"start":{"line":29,"column":25},"end":{"line":29,"column":35}},"7":{"start":{"line":30,"column":22},"end":{"line":30,"column":32}},"8":{"start":{"line":31,"column":29},"end":{"line":31,"column":43}},"9":{"start":{"line":33,"column":4},"end":{"line":81,"column":5}},"10":{"start":{"line":49,"column":22},"end":{"line":50,"column":53}},"11":{"start":{"line":70,"column":33},"end":{"line":70,"column":62}}},"fnMap":{"0":{"name":"(anonymous_0)","decl":{"start":{"line":14,"column":2},"end":{"line":14,"column":3}},"loc":{"start":{"line":14,"column":28},"end":{"line":17,"column":3}},"line":14},"1":{"name":"(anonymous_1)","decl":{"start":{"line":19,"column":2},"end":{"line":19,"column":3}},"loc":{"start":{"line":19,"column":53},"end":{"line":26,"column":3}},"line":19},"2":{"name":"(anonymous_2)","decl":{"start":{"line":28,"column":2},"end":{"line":28,"column":3}},"loc":{"start":{"line":28,"column":11},"end":{"line":82,"column":3}},"line":28},"3":{"name":"(anonymous_3)","decl":{"start":{"line":48,"column":29},"end":{"line":48,"column":30}},"loc":{"start":{"line":49,"column":22},"end":{"line":50,"column":53}},"line":49},"4":{"name":"(anonymous_4)","decl":{"start":{"line":70,"column":27},"end":{"line":70,"column":28}},"loc":{"start":{"line":70,"column":33},"end":{"line":70,"column":62}},"line":70}},"branchMap":{"0":{"loc":{"start":{"line":23,"column":4},"end":{"line":25,"column":5}},"type":"if","locations":[{"start":{"line":23,"column":4},"end":{"line":25,"column":5}},{"start":{"line":23,"column":4},"end":{"line":25,"column":5}}],"line":23},"1":{"loc":{"start":{"line":33,"column":11},"end":{"line":81,"column":5}},"type":"cond-expr","locations":[{"start":{"line":34,"column":6},"end":{"line":78,"column":12}},{"start":{"line":80,"column":6},"end":{"line":80,"column":14}}],"line":33},"2":{"loc":{"start":{"line":45,"column":17},"end":{"line":66,"column":17}},"type":"cond-expr","locations":[{"start":{"line":46,"column":18},"end":{"line":54,"column":27}},{"start":{"line":56,"column":18},"end":{"line":65,"column":22}}],"line":45},"3":{"loc":{"start":{"line":49,"column":22},"end":{"line":50,"column":53}},"type":"binary-expr","locations":[{"start":{"line":49,"column":22},"end":{"line":49,"column":48}},{"start":{"line":50,"column":22},"end":{"line":50,"column":53}}],"line":49}},"s":{"0":10,"1":10,"2":2,"3":2,"4":2,"5":1,"6":16,"7":16,"8":16,"9":16,"10":1,"11":1},"f":{"0":10,"1":2,"2":16,"3":1,"4":1},"b":{"0":[1,1],"1":[6,10],"2":[3,3],"3":[1,1]},"_coverageSchema":"332fd63041d2c1bcb487cc26dd0d5f7d97098a6c","hash":"298940f99e226c2afc74bb551fd1ac8497bcee8c"},"/home/travis/build/thibaudcolas/draftjs-filters/src/demo/components/Highlight.js":{"path":"/home/travis/build/thibaudcolas/draftjs-filters/src/demo/components/Highlight.js","statementMap":{"0":{"start":{"line":11,"column":15},"end":{"line":20,"column":1}},"1":{"start":{"line":12,"column":17},"end":{"line":12,"column":51}},"2":{"start":{"line":13,"column":2},"end":{"line":13,"column":22}},"3":{"start":{"line":15,"column":2},"end":{"line":15,"column":35}},"4":{"start":{"line":16,"column":2},"end":{"line":16,"column":17}},"5":{"start":{"line":17,"column":2},"end":{"line":17,"column":30}},"6":{"start":{"line":19,"column":2},"end":{"line":19,"column":35}},"7":{"start":{"line":22,"column":18},"end":{"line":37,"column":1}},"8":{"start":{"line":23,"column":2},"end":{"line":36,"column":8}}},"fnMap":{"0":{"name":"(anonymous_0)","decl":{"start":{"line":11,"column":15},"end":{"line":11,"column":16}},"loc":{"start":{"line":11,"column":26},"end":{"line":20,"column":1}},"line":11},"1":{"name":"(anonymous_1)","decl":{"start":{"line":22,"column":18},"end":{"line":22,"column":19}},"loc":{"start":{"line":23,"column":2},"end":{"line":36,"column":8}},"line":23}},"branchMap":{},"s":{"0":5,"1":1,"2":1,"3":1,"4":1,"5":1,"6":1,"7":5,"8":5},"f":{"0":1,"1":5},"b":{},"_coverageSchema":"332fd63041d2c1bcb487cc26dd0d5f7d97098a6c","hash":"8971487daa1e537dffe29bd78e0d90eda2287f05"},"/home/travis/build/thibaudcolas/draftjs-filters/src/demo/components/Link.js":{"path":"/home/travis/build/thibaudcolas/draftjs-filters/src/demo/components/Link.js","statementMap":{"0":{"start":{"line":11,"column":28},"end":{"line":23,"column":1}},"1":{"start":{"line":16,"column":2},"end":{"line":22,"column":14}},"2":{"start":{"line":17,"column":22},"end":{"line":17,"column":43}},"3":{"start":{"line":18,"column":4},"end":{"line":21,"column":5}},"4":{"start":{"line":25,"column":13},"end":{"line":32,"column":1}},"5":{"start":{"line":26,"column":17},"end":{"line":26,"column":50}},"6":{"start":{"line":27,"column":2},"end":{"line":31,"column":3}}},"fnMap":{"0":{"name":"(anonymous_0)","decl":{"start":{"line":11,"column":28},"end":{"line":11,"column":29}},"loc":{"start":{"line":15,"column":5},"end":{"line":23,"column":1}},"line":15},"1":{"name":"(anonymous_1)","decl":{"start":{"line":16,"column":32},"end":{"line":16,"column":33}},"loc":{"start":{"line":16,"column":47},"end":{"line":22,"column":3}},"line":16},"2":{"name":"(anonymous_2)","decl":{"start":{"line":25,"column":13},"end":{"line":25,"column":14}},"loc":{"start":{"line":25,"column":63},"end":{"line":32,"column":1}},"line":25}},"branchMap":{"0":{"loc":{"start":{"line":19,"column":6},"end":{"line":20,"column":60}},"type":"binary-expr","locations":[{"start":{"line":19,"column":6},"end":{"line":19,"column":24}},{"start":{"line":20,"column":6},"end":{"line":20,"column":60}}],"line":19}},"s":{"0":5,"1":3,"2":3,"3":3,"4":5,"5":1,"6":1},"f":{"0":3,"1":3,"2":1},"b":{"0":[3,2]},"_coverageSchema":"332fd63041d2c1bcb487cc26dd0d5f7d97098a6c","hash":"751931de6fa63953c223c9c9d9fbd17736319c4d"},"/home/travis/build/thibaudcolas/draftjs-filters/src/demo/components/Image.js":{"path":"/home/travis/build/thibaudcolas/draftjs-filters/src/demo/components/Image.js","statementMap":{"0":{"start":{"line":5,"column":14},"end":{"line":18,"column":1}},"1":{"start":{"line":12,"column":20},"end":{"line":12,"column":40}},"2":{"start":{"line":13,"column":14},"end":{"line":15,"column":15}},"3":{"start":{"line":17,"column":2},"end":{"line":17,"column":45}}},"fnMap":{"0":{"name":"(anonymous_0)","decl":{"start":{"line":5,"column":14},"end":{"line":5,"column":15}},"loc":{"start":{"line":11,"column":6},"end":{"line":18,"column":1}},"line":11}},"branchMap":{"0":{"loc":{"start":{"line":13,"column":14},"end":{"line":15,"column":15}},"type":"cond-expr","locations":[{"start":{"line":14,"column":6},"end":{"line":14,"column":53}},{"start":{"line":15,"column":6},"end":{"line":15,"column":15}}],"line":13}},"s":{"0":5,"1":2,"2":2,"3":2},"f":{"0":2},"b":{"0":[1,1]},"_coverageSchema":"332fd63041d2c1bcb487cc26dd0d5f7d97098a6c","hash":"a986e1c126eef98f74c37725c8ed498598e4a89a"},"/home/travis/build/thibaudcolas/draftjs-filters/src/demo/index.js":{"path":"/home/travis/build/thibaudcolas/draftjs-filters/src/demo/index.js","statementMap":{"0":{"start":{"line":22,"column":14},"end":{"line":22,"column":45}},"1":{"start":{"line":24,"column":0},"end":{"line":26,"column":1}},"2":{"start":{"line":25,"column":2},"end":{"line":25,"column":33}}},"fnMap":{},"branchMap":{"0":{"loc":{"start":{"line":24,"column":0},"end":{"line":26,"column":1}},"type":"if","locations":[{"start":{"line":24,"column":0},"end":{"line":26,"column":1}},{"start":{"line":24,"column":0},"end":{"line":26,"column":1}}],"line":24}},"s":{"0":2,"1":2,"2":1},"f":{},"b":{"0":[1,1]},"_coverageSchema":"332fd63041d2c1bcb487cc26dd0d5f7d97098a6c","hash":"fe32cb9c967b73df1095d70b27b8fb36107f5aca"},"/home/travis/build/thibaudcolas/draftjs-filters/src/demo/components/App.js":{"path":"/home/travis/build/thibaudcolas/draftjs-filters/src/demo/components/App.js","statementMap":{"0":{"start":{"line":9,"column":4},"end":{"line":159,"column":5}}},"fnMap":{"0":{"name":"(anonymous_0)","decl":{"start":{"line":8,"column":2},"end":{"line":8,"column":3}},"loc":{"start":{"line":8,"column":11},"end":{"line":160,"column":3}},"line":8}},"branchMap":{},"s":{"0":2},"f":{"0":2},"b":{},"_coverageSchema":"332fd63041d2c1bcb487cc26dd0d5f7d97098a6c","hash":"6ada12189ec3a584d8c447db7fbfc731287866c1"},"/home/travis/build/thibaudcolas/draftjs-filters/src/tests/fixtures.js":{"path":"/home/travis/build/thibaudcolas/draftjs-filters/src/tests/fixtures.js","statementMap":{"0":{"start":{"line":4,"column":29},"end":{"line":21,"column":1}},"1":{"start":{"line":23,"column":26},"end":{"line":33,"column":1}},"2":{"start":{"line":35,"column":28},"end":{"line":45,"column":1}},"3":{"start":{"line":47,"column":26},"end":{"line":52,"column":1}},"4":{"start":{"line":54,"column":26},"end":{"line":61,"column":1}},"5":{"start":{"line":63,"column":23},"end":{"line":65,"column":1}}},"fnMap":{},"branchMap":{},"s":{"0":6,"1":6,"2":6,"3":6,"4":6,"5":6},"f":{},"b":{},"_coverageSchema":"332fd63041d2c1bcb487cc26dd0d5f7d97098a6c","hash":"4c932ebab04c35bf7effd9b7ce24a47cc3d26911"},"/home/travis/build/thibaudcolas/draftjs-filters/src/index.js":{"path":"/home/travis/build/thibaudcolas/draftjs-filters/src/index.js","statementMap":{},"fnMap":{},"branchMap":{},"s":{},"f":{},"b":{},"_coverageSchema":"332fd63041d2c1bcb487cc26dd0d5f7d97098a6c","hash":"83d8cd0e48788e128953c9a270438cfac2ab75d9"},"/home/travis/build/thibaudcolas/draftjs-filters/src/demo/utils/polyfills.js":{"path":"/home/travis/build/thibaudcolas/draftjs-filters/src/demo/utils/polyfills.js","statementMap":{},"fnMap":{},"branchMap":{},"s":{},"f":{},"b":{},"_coverageSchema":"332fd63041d2c1bcb487cc26dd0d5f7d97098a6c","hash":"00a603d94133fe7771f8b4b9bfca8781dd7adb3f"}}}